<?xml version="1.0" encoding="UTF-8"?>
<!-- Generated by org.testng.reporters.JUnitXMLReporter -->
<testsuite hostname="apples-MacBook-Pro.local" ignored="1" name="Selenium Testing" tests="1" failures="0" timestamp="25 Feb 2020 11:01:32 GMT" time="0.033" errors="0">
  <testcase name="test2" time="0.001" classname="com.Day1.TestNGAnnotations"/>
  <testcase name="test" time="0.0" classname="com.Day1.TestNGAnnotations">
    <ignored/>
  </testcase> <!-- test -->
</testsuite> <!-- Selenium Testing -->
