<?xml version="1.0" encoding="UTF-8"?>
<testng-results skipped="0" failed="0" ignored="1" total="2" passed="1">
  <reporter-output>
  </reporter-output>
  <suite name="Default Suite" duration-ms="33" started-at="2020-02-25T11:01:27Z" finished-at="2020-02-25T11:01:27Z">
    <groups>
    </groups>
    <test name="Selenium Testing" duration-ms="33" started-at="2020-02-25T11:01:27Z" finished-at="2020-02-25T11:01:27Z">
      <class name="com.Day1.TestNGAnnotations">
        <test-method status="PASS" signature="beforeSuite()[pri:0, instance:com.Day1.TestNGAnnotations@2a18f23c]" name="beforeSuite" is-config="true" duration-ms="24" started-at="2020-02-25T11:01:27Z" finished-at="2020-02-25T11:01:27Z">
          <reporter-output>
          </reporter-output>
        </test-method> <!-- beforeSuite -->
        <test-method status="PASS" signature="beforetest()[pri:0, instance:com.Day1.TestNGAnnotations@2a18f23c]" name="beforetest" is-config="true" duration-ms="1" started-at="2020-02-25T11:01:27Z" finished-at="2020-02-25T11:01:27Z">
          <reporter-output>
          </reporter-output>
        </test-method> <!-- beforetest -->
        <test-method status="PASS" signature="beforeclass()[pri:0, instance:com.Day1.TestNGAnnotations@2a18f23c]" name="beforeclass" is-config="true" duration-ms="1" started-at="2020-02-25T11:01:27Z" finished-at="2020-02-25T11:01:27Z">
          <reporter-output>
          </reporter-output>
        </test-method> <!-- beforeclass -->
        <test-method status="PASS" signature="test2()[pri:0, instance:com.Day1.TestNGAnnotations@2a18f23c]" name="test2" duration-ms="1" started-at="2020-02-25T11:01:27Z" finished-at="2020-02-25T11:01:27Z">
          <reporter-output>
          </reporter-output>
        </test-method> <!-- test2 -->
        <test-method status="PASS" signature="beforemethod()[pri:0, instance:com.Day1.TestNGAnnotations@2a18f23c]" name="beforemethod" is-config="true" duration-ms="0" started-at="2020-02-25T11:01:27Z" finished-at="2020-02-25T11:01:27Z">
          <reporter-output>
          </reporter-output>
        </test-method> <!-- beforemethod -->
        <test-method status="PASS" signature="aftermethod()[pri:0, instance:com.Day1.TestNGAnnotations@2a18f23c]" name="aftermethod" is-config="true" duration-ms="0" started-at="2020-02-25T11:01:27Z" finished-at="2020-02-25T11:01:27Z">
          <reporter-output>
          </reporter-output>
        </test-method> <!-- aftermethod -->
        <test-method status="PASS" signature="afterClass()[pri:0, instance:com.Day1.TestNGAnnotations@2a18f23c]" name="afterClass" is-config="true" duration-ms="0" started-at="2020-02-25T11:01:27Z" finished-at="2020-02-25T11:01:27Z">
          <reporter-output>
          </reporter-output>
        </test-method> <!-- afterClass -->
        <test-method status="PASS" signature="aftertest()[pri:0, instance:com.Day1.TestNGAnnotations@2a18f23c]" name="aftertest" is-config="true" duration-ms="0" started-at="2020-02-25T11:01:27Z" finished-at="2020-02-25T11:01:27Z">
          <reporter-output>
          </reporter-output>
        </test-method> <!-- aftertest -->
        <test-method status="PASS" signature="afterSuite()[pri:0, instance:com.Day1.TestNGAnnotations@2a18f23c]" name="afterSuite" is-config="true" duration-ms="1" started-at="2020-02-25T11:01:32Z" finished-at="2020-02-25T11:01:32Z">
          <reporter-output>
          </reporter-output>
        </test-method> <!-- afterSuite -->
      </class> <!-- com.Day1.TestNGAnnotations -->
    </test> <!-- Selenium Testing -->
  </suite> <!-- Default Suite -->
</testng-results>
